2025-04-10 16:52:24.187704 - Received SBGOLOB.CBT509.FILE731 from FILE731.XMI 
2025-04-10 16:52:24.192839 - Found $$$#DATE.txt (text/plain) in SBGOLOB.CBT509.FILE731, moved to PDS/$$$#DATE
2025-04-10 16:52:24.193214 - Found $$CHGUCB.txt (text/plain) in SBGOLOB.CBT509.FILE731, moved to PDS/$$CHGUCB
2025-04-10 16:52:24.193446 - Found $$NOTE01.txt (text/plain) in SBGOLOB.CBT509.FILE731, moved to PDS/$$NOTE01
2025-04-10 16:52:24.193564 - Found $PDSLOAD.jcl (text/plain) in SBGOLOB.CBT509.FILE731, moved to PDS/$PDSLOAD
2025-04-10 16:52:24.193948 - Found $ULUNOTE.txt (text/plain) in SBGOLOB.CBT509.FILE731, moved to PDS/$ULUNOTE
2025-04-10 16:52:24.194243 - Found $ULU3COD.txt (text/plain) in SBGOLOB.CBT509.FILE731, moved to PDS/$ULU3COD
2025-04-10 16:52:24.194480 - Found @FILE731.txt (text/plain) in SBGOLOB.CBT509.FILE731, moved to PDS/@FILE731
2025-04-10 16:52:24.194927 - Found ADIS.txt (text/plain) in SBGOLOB.CBT509.FILE731, moved to PDS/ADIS
2025-04-10 16:52:24.195033 - Found ADIS$.jcl (text/plain) in SBGOLOB.CBT509.FILE731, moved to PDS/ADIS$
2025-04-10 16:52:24.195145 - Found ADIS@.txt (text/plain) in SBGOLOB.CBT509.FILE731, moved to PDS/ADIS@
2025-04-10 16:52:24.195331 - Found ALLIDS.txt (text/plain) in SBGOLOB.CBT509.FILE731, moved to PDS/ALLIDS
2025-04-10 16:52:24.195489 - Found ALLIDS$.jcl (text/plain) in SBGOLOB.CBT509.FILE731, moved to PDS/ALLIDS$
2025-04-10 16:52:24.195630 - Found ALPL.txt (text/plain) in SBGOLOB.CBT509.FILE731, moved to PDS/ALPL
2025-04-10 16:52:24.195751 - Found ALPL$.jcl (text/plain) in SBGOLOB.CBT509.FILE731, moved to PDS/ALPL$
2025-04-10 16:52:24.195839 - Found ALPL@.txt (text/plain) in SBGOLOB.CBT509.FILE731, moved to PDS/ALPL@
2025-04-10 16:52:24.195932 - Found APUT.txt (text/plain) in SBGOLOB.CBT509.FILE731, moved to PDS/APUT
2025-04-10 16:52:24.196024 - Found BUFRSIZ$.jcl (text/plain) in SBGOLOB.CBT509.FILE731, moved to PDS/BUFRSIZ$
2025-04-10 16:52:24.196177 - Found BUFRSIZE.txt (text/plain) in SBGOLOB.CBT509.FILE731, moved to PDS/BUFRSIZE
2025-04-10 16:52:24.196391 - Found BYE.txt (text/plain) in SBGOLOB.CBT509.FILE731, moved to PDS/BYE
2025-04-10 16:52:24.196578 - Found BYE$.jcl (text/plain) in SBGOLOB.CBT509.FILE731, moved to PDS/BYE$
2025-04-10 16:52:24.196941 - Found CHNLEN.txt (text/plain) in SBGOLOB.CBT509.FILE731, moved to PDS/CHNLEN
2025-04-10 16:52:24.197043 - Found CHNLEN$.jcl (text/plain) in SBGOLOB.CBT509.FILE731, moved to PDS/CHNLEN$
2025-04-10 16:52:24.197231 - Found CINMX.txt (text/plain) in SBGOLOB.CBT509.FILE731, moved to PDS/CINMX
2025-04-10 16:52:24.197345 - Found CINMX$.jcl (text/plain) in SBGOLOB.CBT509.FILE731, moved to PDS/CINMX$
2025-04-10 16:52:24.197591 - Found CINMX@.txt (text/plain) in SBGOLOB.CBT509.FILE731, moved to PDS/CINMX@
2025-04-10 16:52:24.197680 - Found CINMXBAT.jcl (text/plain) in SBGOLOB.CBT509.FILE731, moved to PDS/CINMXBAT
2025-04-10 16:52:24.197772 - Found CLDACEE.txt (text/plain) in SBGOLOB.CBT509.FILE731, moved to PDS/CLDACEE
2025-04-10 16:52:24.197834 - Found CLDACEE$.jcl (text/plain) in SBGOLOB.CBT509.FILE731, moved to PDS/CLDACEE$
2025-04-10 16:52:24.198000 - Found CPFX.txt (text/plain) in SBGOLOB.CBT509.FILE731, moved to PDS/CPFX
2025-04-10 16:52:24.198067 - Found CPFX$.jcl (text/plain) in SBGOLOB.CBT509.FILE731, moved to PDS/CPFX$
2025-04-10 16:52:24.198355 - Found DACEE.txt (text/plain) in SBGOLOB.CBT509.FILE731, moved to PDS/DACEE
2025-04-10 16:52:24.198416 - Found DACEE$.jcl (text/plain) in SBGOLOB.CBT509.FILE731, moved to PDS/DACEE$
2025-04-10 16:52:24.198514 - Found DACEEO.txt (text/plain) in SBGOLOB.CBT509.FILE731, moved to PDS/DACEEO
2025-04-10 16:52:24.198605 - Found DACEE1.txt (text/plain) in SBGOLOB.CBT509.FILE731, moved to PDS/DACEE1
2025-04-10 16:52:24.198827 - Found DACEE2.txt (text/plain) in SBGOLOB.CBT509.FILE731, moved to PDS/DACEE2
2025-04-10 16:52:24.198976 - Found DACEE3.txt (text/plain) in SBGOLOB.CBT509.FILE731, moved to PDS/DACEE3
2025-04-10 16:52:24.199091 - Found DACEE4.txt (text/plain) in SBGOLOB.CBT509.FILE731, moved to PDS/DACEE4
2025-04-10 16:52:24.199197 - Found DTEST.txt (text/plain) in SBGOLOB.CBT509.FILE731, moved to PDS/DTEST
2025-04-10 16:52:24.199314 - Found DTEST$.jcl (text/plain) in SBGOLOB.CBT509.FILE731, moved to PDS/DTEST$
2025-04-10 16:52:24.199601 - Found DVAT.txt (text/plain) in SBGOLOB.CBT509.FILE731, moved to PDS/DVAT
2025-04-10 16:52:24.199660 - Found DVAT$.jcl (text/plain) in SBGOLOB.CBT509.FILE731, moved to PDS/DVAT$
2025-04-10 16:52:24.199773 - Found EESCB.txt (text/plain) in SBGOLOB.CBT509.FILE731, moved to PDS/EESCB
2025-04-10 16:52:24.199832 - Found EESCB$.jcl (text/plain) in SBGOLOB.CBT509.FILE731, moved to PDS/EESCB$
2025-04-10 16:52:24.199892 - Found EESCB@.txt (text/plain) in SBGOLOB.CBT509.FILE731, moved to PDS/EESCB@
2025-04-10 16:52:24.199949 - Found EESCBBAT.jcl (text/plain) in SBGOLOB.CBT509.FILE731, moved to PDS/EESCBBAT
2025-04-10 16:52:24.200007 - Found ENGTRAN$.jcl (text/plain) in SBGOLOB.CBT509.FILE731, moved to PDS/ENGTRAN$
2025-04-10 16:52:24.200094 - Found ENGTRANS.txt (text/plain) in SBGOLOB.CBT509.FILE731, moved to PDS/ENGTRANS
2025-04-10 16:52:24.200275 - Found EPUTL.txt (text/plain) in SBGOLOB.CBT509.FILE731, moved to PDS/EPUTL
2025-04-10 16:52:24.200336 - Found EPUTL$.jcl (text/plain) in SBGOLOB.CBT509.FILE731, moved to PDS/EPUTL$
2025-04-10 16:52:24.200409 - Found FINDPSCB.txt (text/plain) in SBGOLOB.CBT509.FILE731, moved to PDS/FINDPSCB
2025-04-10 16:52:24.200560 - Found FPASS.txt (text/plain) in SBGOLOB.CBT509.FILE731, moved to PDS/FPASS
2025-04-10 16:52:24.200621 - Found FPASS$.jcl (text/plain) in SBGOLOB.CBT509.FILE731, moved to PDS/FPASS$
2025-04-10 16:52:24.200681 - Found HIBFREX$.jcl (text/plain) in SBGOLOB.CBT509.FILE731, moved to PDS/HIBFREX$
2025-04-10 16:52:24.200776 - Found HIBFREXT.txt (text/plain) in SBGOLOB.CBT509.FILE731, moved to PDS/HIBFREXT
2025-04-10 16:52:24.201112 - Found INMXD.txt (text/plain) in SBGOLOB.CBT509.FILE731, moved to PDS/INMXD
2025-04-10 16:52:24.201308 - Found INMXD$.jcl (text/plain) in SBGOLOB.CBT509.FILE731, moved to PDS/INMXD$
2025-04-10 16:52:24.201372 - Found INMXD@.txt (text/plain) in SBGOLOB.CBT509.FILE731, moved to PDS/INMXD@
2025-04-10 16:52:24.201496 - Found IOSDIOVT.txt (text/plain) in SBGOLOB.CBT509.FILE731, moved to PDS/IOSDIOVT
2025-04-10 16:52:24.201554 - Found IOSDULUT.txt (text/plain) in SBGOLOB.CBT509.FILE731, moved to PDS/IOSDULUT
2025-04-10 16:52:24.201614 - Found IOSDULU2.txt (text/plain) in SBGOLOB.CBT509.FILE731, moved to PDS/IOSDULU2
2025-04-10 16:52:24.201674 - Found IOSDULU3.txt (text/plain) in SBGOLOB.CBT509.FILE731, moved to PDS/IOSDULU3
2025-04-10 16:52:24.202700 - Found LOADLIB.xmi (application/xmit) in SBGOLOB.CBT509.FILE731, moved to PDS/LOADLIB.xmi
2025-04-10 16:52:24.369461 - Received IBMUSER.LOAD from LOADLIB.xmi 
2025-04-10 16:52:24.372698 - Found $$$VER.bin (application/octet-stream) in IBMUSER.LOAD, moved to LOADLIB/$$$VER
2025-04-10 16:52:24.372775 - Found alias # to AUCMD in IBMUSER.LOAD, moved to PDS/#
2025-04-10 16:52:24.373158 - Found ADIS.bin (application/octet-stream) in IBMUSER.LOAD, moved to LOADLIB/ADIS
2025-04-10 16:52:24.373443 - Found ALLIDS.bin (application/octet-stream) in IBMUSER.LOAD, moved to LOADLIB/ALLIDS
2025-04-10 16:52:24.373580 - Found ALPL.bin (application/octet-stream) in IBMUSER.LOAD, moved to LOADLIB/ALPL
2025-04-10 16:52:24.373786 - Found ASUB.bin (application/octet-stream) in IBMUSER.LOAD, moved to LOADLIB/ASUB
2025-04-10 16:52:24.373912 - Found AUCMD.bin (application/octet-stream) in IBMUSER.LOAD, moved to LOADLIB/AUCMD
2025-04-10 16:52:24.374022 - Found AUPGM.bin (application/octet-stream) in IBMUSER.LOAD, moved to LOADLIB/AUPGM
2025-04-10 16:52:24.374179 - Found BUFRSIZE.bin (application/octet-stream) in IBMUSER.LOAD, moved to LOADLIB/BUFRSIZE
2025-04-10 16:52:24.374327 - Found BYE.bin (application/octet-stream) in IBMUSER.LOAD, moved to LOADLIB/BYE
2025-04-10 16:52:24.374408 - Found CHNLEN.bin (application/octet-stream) in IBMUSER.LOAD, moved to LOADLIB/CHNLEN
2025-04-10 16:52:24.374478 - Found CINMX.bin (application/octet-stream) in IBMUSER.LOAD, moved to LOADLIB/CINMX
2025-04-10 16:52:24.374664 - Found CNCLPG.bin (application/octet-stream) in IBMUSER.LOAD, moved to LOADLIB/CNCLPG
2025-04-10 16:52:24.374835 - Found CNCLPGA.bin (application/octet-stream) in IBMUSER.LOAD, moved to LOADLIB/CNCLPGA
2025-04-10 16:52:24.374895 - Found CNCLPG10.bin (application/octet-stream) in IBMUSER.LOAD, moved to LOADLIB/CNCLPG10
2025-04-10 16:52:24.374954 - Found CNCLPG11.bin (application/octet-stream) in IBMUSER.LOAD, moved to LOADLIB/CNCLPG11
2025-04-10 16:52:24.375017 - Found CNCLPG20.bin (application/octet-stream) in IBMUSER.LOAD, moved to LOADLIB/CNCLPG20
2025-04-10 16:52:24.375076 - Found CSCF.bin (application/octet-stream) in IBMUSER.LOAD, moved to LOADLIB/CSCF
2025-04-10 16:52:24.375251 - Found DACEE.bin (application/octet-stream) in IBMUSER.LOAD, moved to LOADLIB/DACEE
2025-04-10 16:52:24.375419 - Found DAPF.bin (application/octet-stream) in IBMUSER.LOAD, moved to LOADLIB/DAPF
2025-04-10 16:52:24.375477 - Found DLINK.bin (application/octet-stream) in IBMUSER.LOAD, moved to LOADLIB/DLINK
2025-04-10 16:52:24.375538 - Found alias DSAUT to RACROUT in IBMUSER.LOAD, moved to PDS/DSAUT
2025-04-10 16:52:24.375597 - Found DTEST.bin (application/octet-stream) in IBMUSER.LOAD, moved to LOADLIB/DTEST
2025-04-10 16:52:24.375655 - Found DUMPACEE.bin (application/octet-stream) in IBMUSER.LOAD, moved to LOADLIB/DUMPACEE
2025-04-10 16:52:24.375712 - Found DUMPASCB.bin (application/octet-stream) in IBMUSER.LOAD, moved to LOADLIB/DUMPASCB
2025-04-10 16:52:24.375769 - Found DUMPASSB.bin (application/octet-stream) in IBMUSER.LOAD, moved to LOADLIB/DUMPASSB
2025-04-10 16:52:24.375869 - Found DUMPASVT.bin (application/octet-stream) in IBMUSER.LOAD, moved to LOADLIB/DUMPASVT
2025-04-10 16:52:24.375978 - Found DUMPCSA.bin (application/octet-stream) in IBMUSER.LOAD, moved to LOADLIB/DUMPCSA
2025-04-10 16:52:24.376205 - Found DUMPCSCB.bin (application/octet-stream) in IBMUSER.LOAD, moved to LOADLIB/DUMPCSCB
2025-04-10 16:52:24.376261 - Found DUMPCVT.bin (application/octet-stream) in IBMUSER.LOAD, moved to LOADLIB/DUMPCVT
2025-04-10 16:52:24.376327 - Found DUMPINMX.bin (application/octet-stream) in IBMUSER.LOAD, moved to LOADLIB/DUMPINMX
2025-04-10 16:52:24.376384 - Found DUMPIOVT.bin (application/octet-stream) in IBMUSER.LOAD, moved to LOADLIB/DUMPIOVT
2025-04-10 16:52:24.376441 - Found DUMPJCT.bin (application/octet-stream) in IBMUSER.LOAD, moved to LOADLIB/DUMPJCT
2025-04-10 16:52:24.376501 - Found DUMPLCT.bin (application/octet-stream) in IBMUSER.LOAD, moved to LOADLIB/DUMPLCT
2025-04-10 16:52:24.376595 - Found DUMPLWA.bin (application/octet-stream) in IBMUSER.LOAD, moved to LOADLIB/DUMPLWA
2025-04-10 16:52:24.376788 - Found DUMPPCCB.bin (application/octet-stream) in IBMUSER.LOAD, moved to LOADLIB/DUMPPCCB
2025-04-10 16:52:24.376910 - Found DUMPPPT.bin (application/octet-stream) in IBMUSER.LOAD, moved to LOADLIB/DUMPPPT
2025-04-10 16:52:24.377046 - Found DUMPPRB.bin (application/octet-stream) in IBMUSER.LOAD, moved to LOADLIB/DUMPPRB
2025-04-10 16:52:24.377105 - Found DUMPPSCB.bin (application/octet-stream) in IBMUSER.LOAD, moved to LOADLIB/DUMPPSCB
2025-04-10 16:52:24.377162 - Found DUMPRCVT.bin (application/octet-stream) in IBMUSER.LOAD, moved to LOADLIB/DUMPRCVT
2025-04-10 16:52:24.377218 - Found DUMPSCT.bin (application/octet-stream) in IBMUSER.LOAD, moved to LOADLIB/DUMPSCT
2025-04-10 16:52:24.377276 - Found DUMPTCT.bin (application/octet-stream) in IBMUSER.LOAD, moved to LOADLIB/DUMPTCT
2025-04-10 16:52:24.377333 - Found DUMPTIOT.bin (application/octet-stream) in IBMUSER.LOAD, moved to LOADLIB/DUMPTIOT
2025-04-10 16:52:24.377390 - Found DUMPTSB.bin (application/octet-stream) in IBMUSER.LOAD, moved to LOADLIB/DUMPTSB
2025-04-10 16:52:24.377448 - Found DUMPTSVT.bin (application/octet-stream) in IBMUSER.LOAD, moved to LOADLIB/DUMPTSVT
2025-04-10 16:52:24.377503 - Found DUSER.bin (application/octet-stream) in IBMUSER.LOAD, moved to LOADLIB/DUSER
2025-04-10 16:52:24.377563 - Found DVAT.bin (application/octet-stream) in IBMUSER.LOAD, moved to LOADLIB/DVAT
2025-04-10 16:52:24.377622 - Found EESCB.bin (application/octet-stream) in IBMUSER.LOAD, moved to LOADLIB/EESCB
2025-04-10 16:52:24.377719 - Found ENGTRANS.bin (application/octet-stream) in IBMUSER.LOAD, moved to LOADLIB/ENGTRANS
2025-04-10 16:52:24.377772 - Found alias FINDCMD to LOCATE in IBMUSER.LOAD, moved to PDS/FINDCMD
2025-04-10 16:52:24.377813 - Found alias FINDPRG to LOCATE in IBMUSER.LOAD, moved to PDS/FINDPRG
2025-04-10 16:52:24.377935 - Found FPASS.bin (application/octet-stream) in IBMUSER.LOAD, moved to LOADLIB/FPASS
2025-04-10 16:52:24.378190 - Found FPASSA.bin (application/octet-stream) in IBMUSER.LOAD, moved to LOADLIB/FPASSA
2025-04-10 16:52:24.378312 - Found HIBFREXT.bin (application/octet-stream) in IBMUSER.LOAD, moved to LOADLIB/HIBFREXT
2025-04-10 16:52:24.378379 - Found IEBTSUB.bin (application/octet-stream) in IBMUSER.LOAD, moved to LOADLIB/IEBTSUB
2025-04-10 16:52:24.378428 - Found alias IKJEFTAP to IKJTABLS in IBMUSER.LOAD, moved to PDS/IKJEFTAP
2025-04-10 16:52:24.378467 - Found alias IKJEFTE2 to IKJTABLS in IBMUSER.LOAD, moved to PDS/IKJEFTE2
2025-04-10 16:52:24.378505 - Found alias IKJEFTE8 to IKJTABLS in IBMUSER.LOAD, moved to PDS/IKJEFTE8
2025-04-10 16:52:24.378542 - Found alias IKJEFTNS to IKJTABLS in IBMUSER.LOAD, moved to PDS/IKJEFTNS
2025-04-10 16:52:24.378601 - Found IKJTABLS.bin (application/octet-stream) in IBMUSER.LOAD, moved to LOADLIB/IKJTABLS
2025-04-10 16:52:24.378668 - Found IKJTSUB.bin (application/octet-stream) in IBMUSER.LOAD, moved to LOADLIB/IKJTSUB
2025-04-10 16:52:24.378725 - Found INMXD.bin (application/octet-stream) in IBMUSER.LOAD, moved to LOADLIB/INMXD
2025-04-10 16:52:24.378769 - Found alias KKJEFTAP to KKJTABLS in IBMUSER.LOAD, moved to PDS/KKJEFTAP
2025-04-10 16:52:24.378807 - Found alias KKJEFTE2 to KKJTABLS in IBMUSER.LOAD, moved to PDS/KKJEFTE2
2025-04-10 16:52:24.378845 - Found alias KKJEFTE8 to KKJTABLS in IBMUSER.LOAD, moved to PDS/KKJEFTE8
2025-04-10 16:52:24.378882 - Found alias KKJEFTNS to KKJTABLS in IBMUSER.LOAD, moved to PDS/KKJEFTNS
2025-04-10 16:52:24.378941 - Found KKJTABLS.bin (application/octet-stream) in IBMUSER.LOAD, moved to LOADLIB/KKJTABLS
2025-04-10 16:52:24.379091 - Found KMBAPFLB.bin (application/octet-stream) in IBMUSER.LOAD, moved to LOADLIB/KMBAPFLB
2025-04-10 16:52:24.379273 - Found LISTMOD.bin (application/octet-stream) in IBMUSER.LOAD, moved to LOADLIB/LISTMOD
2025-04-10 16:52:24.379485 - Found LLWA.bin (application/octet-stream) in IBMUSER.LOAD, moved to LOADLIB/LLWA
2025-04-10 16:52:24.379570 - Found LOADTEST.bin (application/octet-stream) in IBMUSER.LOAD, moved to LOADLIB/LOADTEST
2025-04-10 16:52:24.379614 - Found alias LOADTN to LOADTEST in IBMUSER.LOAD, moved to PDS/LOADTN
2025-04-10 16:52:24.379729 - Found LOBFREXT.bin (application/octet-stream) in IBMUSER.LOAD, moved to LOADLIB/LOBFREXT
2025-04-10 16:52:24.379790 - Found LOCATE.bin (application/octet-stream) in IBMUSER.LOAD, moved to LOADLIB/LOCATE
2025-04-10 16:52:24.379853 - Found LOGOPTS.bin (application/octet-stream) in IBMUSER.LOAD, moved to LOADLIB/LOGOPTS
2025-04-10 16:52:24.379912 - Found LOKSES.bin (application/octet-stream) in IBMUSER.LOAD, moved to LOADLIB/LOKSES
2025-04-10 16:52:24.380193 - Found LOOK.bin (application/octet-stream) in IBMUSER.LOAD, moved to LOADLIB/LOOK
2025-04-10 16:52:24.380273 - Found LPALST.bin (application/octet-stream) in IBMUSER.LOAD, moved to LOADLIB/LPALST
2025-04-10 16:52:24.380345 - Found LSLT.bin (application/octet-stream) in IBMUSER.LOAD, moved to LOADLIB/LSLT
2025-04-10 16:52:24.380405 - Found LWATEDIT.bin (application/octet-stream) in IBMUSER.LOAD, moved to LOADLIB/LWATEDIT
2025-04-10 16:52:24.380488 - Found LWATMGR.bin (application/octet-stream) in IBMUSER.LOAD, moved to LOADLIB/LWATMGR
2025-04-10 16:52:24.380589 - Found MEMZAP.bin (application/octet-stream) in IBMUSER.LOAD, moved to LOADLIB/MEMZAP
2025-04-10 16:52:24.380769 - Found NOLOGOF.bin (application/octet-stream) in IBMUSER.LOAD, moved to LOADLIB/NOLOGOF
2025-04-10 16:52:24.380828 - Found ONLCLEAR.bin (application/octet-stream) in IBMUSER.LOAD, moved to LOADLIB/ONLCLEAR
2025-04-10 16:52:24.380888 - Found ONLCLIP.bin (application/octet-stream) in IBMUSER.LOAD, moved to LOADLIB/ONLCLIP
2025-04-10 16:52:24.381058 - Found PDSLOAD.bin (application/octet-stream) in IBMUSER.LOAD, moved to LOADLIB/PDSLOAD
2025-04-10 16:52:24.381106 - Found alias PDSLOADW to PDSLOAD in IBMUSER.LOAD, moved to PDS/PDSLOADW
2025-04-10 16:52:24.381162 - Found PRFBIGA.bin (application/octet-stream) in IBMUSER.LOAD, moved to LOADLIB/PRFBIGA
2025-04-10 16:52:24.381281 - Found PRFSMLA.bin (application/octet-stream) in IBMUSER.LOAD, moved to LOADLIB/PRFSMLA
2025-04-10 16:52:24.381338 - Found RACROUT.bin (application/octet-stream) in IBMUSER.LOAD, moved to LOADLIB/RACROUT
2025-04-10 16:52:24.381395 - Found RDHAPSVC.bin (application/octet-stream) in IBMUSER.LOAD, moved to LOADLIB/RDHAPSVC
2025-04-10 16:52:24.381457 - Found RDHINSTL.bin (application/octet-stream) in IBMUSER.LOAD, moved to LOADLIB/RDHINSTL
2025-04-10 16:52:24.381515 - Found RECONLIM.bin (application/octet-stream) in IBMUSER.LOAD, moved to LOADLIB/RECONLIM
2025-04-10 16:52:24.381575 - Found RELOGON.bin (application/octet-stream) in IBMUSER.LOAD, moved to LOADLIB/RELOGON
2025-04-10 16:52:24.381633 - Found RLOAD.bin (application/octet-stream) in IBMUSER.LOAD, moved to LOADLIB/RLOAD
2025-04-10 16:52:24.381690 - Found RLOADA.bin (application/octet-stream) in IBMUSER.LOAD, moved to LOADLIB/RLOADA
2025-04-10 16:52:24.381747 - Found SCRSIZE.bin (application/octet-stream) in IBMUSER.LOAD, moved to LOADLIB/SCRSIZE
2025-04-10 16:52:24.381805 - Found SETPW2.bin (application/octet-stream) in IBMUSER.LOAD, moved to LOADLIB/SETPW2
2025-04-10 16:52:24.381863 - Found SHOWRLGB.bin (application/octet-stream) in IBMUSER.LOAD, moved to LOADLIB/SHOWRLGB
2025-04-10 16:52:24.381919 - Found SHOWSS.bin (application/octet-stream) in IBMUSER.LOAD, moved to LOADLIB/SHOWSS
2025-04-10 16:52:24.381980 - Found SHOWTCAS.bin (application/octet-stream) in IBMUSER.LOAD, moved to LOADLIB/SHOWTCAS
2025-04-10 16:52:24.382038 - Found SHOWTPVT.bin (application/octet-stream) in IBMUSER.LOAD, moved to LOADLIB/SHOWTPVT
2025-04-10 16:52:24.382203 - Found SHOWTSB.bin (application/octet-stream) in IBMUSER.LOAD, moved to LOADLIB/SHOWTSB
2025-04-10 16:52:24.382379 - Found STEPLIB.bin (application/octet-stream) in IBMUSER.LOAD, moved to LOADLIB/STEPLIB
2025-04-10 16:52:24.382435 - Found TERMSIZE.bin (application/octet-stream) in IBMUSER.LOAD, moved to LOADLIB/TERMSIZE
2025-04-10 16:52:24.382532 - Found TOKGRUP.bin (application/octet-stream) in IBMUSER.LOAD, moved to LOADLIB/TOKGRUP
2025-04-10 16:52:24.382593 - Found TOKUSER.bin (application/octet-stream) in IBMUSER.LOAD, moved to LOADLIB/TOKUSER
2025-04-10 16:52:24.382651 - Found TRMSZRPT.bin (application/octet-stream) in IBMUSER.LOAD, moved to LOADLIB/TRMSZRPT
2025-04-10 16:52:24.382707 - Found TSOFIND.bin (application/octet-stream) in IBMUSER.LOAD, moved to LOADLIB/TSOFIND
2025-04-10 16:52:24.382770 - Found TSUB.bin (application/octet-stream) in IBMUSER.LOAD, moved to LOADLIB/TSUB
2025-04-10 16:52:24.382827 - Found TSUINFO.bin (application/octet-stream) in IBMUSER.LOAD, moved to LOADLIB/TSUINFO
2025-04-10 16:52:24.382903 - Found TSVTTMO.bin (application/octet-stream) in IBMUSER.LOAD, moved to LOADLIB/TSVTTMO
2025-04-10 16:52:24.383074 - Found TSVT8.bin (application/octet-stream) in IBMUSER.LOAD, moved to LOADLIB/TSVT8
2025-04-10 16:52:24.383201 - Found UACEE.bin (application/octet-stream) in IBMUSER.LOAD, moved to LOADLIB/UACEE
2025-04-10 16:52:24.383259 - Found UADLIST.bin (application/octet-stream) in IBMUSER.LOAD, moved to LOADLIB/UADLIST
2025-04-10 16:52:24.383317 - Found UCB.bin (application/octet-stream) in IBMUSER.LOAD, moved to LOADLIB/UCB
2025-04-10 16:52:24.383374 - Found UCBDASD.bin (application/octet-stream) in IBMUSER.LOAD, moved to LOADLIB/UCBDASD
2025-04-10 16:52:24.383431 - Found UCBPRIV.bin (application/octet-stream) in IBMUSER.LOAD, moved to LOADLIB/UCBPRIV
2025-04-10 16:52:24.383489 - Found UCBPUBL.bin (application/octet-stream) in IBMUSER.LOAD, moved to LOADLIB/UCBPUBL
2025-04-10 16:52:24.383546 - Found UCBSTOR.bin (application/octet-stream) in IBMUSER.LOAD, moved to LOADLIB/UCBSTOR
2025-04-10 16:52:24.383603 - Found UCBTAPE.bin (application/octet-stream) in IBMUSER.LOAD, moved to LOADLIB/UCBTAPE
2025-04-10 16:52:24.383770 - Found UCBTYPE.bin (application/octet-stream) in IBMUSER.LOAD, moved to LOADLIB/UCBTYPE
2025-04-10 16:52:24.383829 - Found UGRP.bin (application/octet-stream) in IBMUSER.LOAD, moved to LOADLIB/UGRP
2025-04-10 16:52:24.383891 - Found UKEYCSA.bin (application/octet-stream) in IBMUSER.LOAD, moved to LOADLIB/UKEYCSA
2025-04-10 16:52:24.383957 - Found ULWA.bin (application/octet-stream) in IBMUSER.LOAD, moved to LOADLIB/ULWA
2025-04-10 16:52:24.384014 - Found UNAME.bin (application/octet-stream) in IBMUSER.LOAD, moved to LOADLIB/UNAME
2025-04-10 16:52:24.384114 - Found UPRC.bin (application/octet-stream) in IBMUSER.LOAD, moved to LOADLIB/UPRC
2025-04-10 16:52:24.384249 - Found USAT.bin (application/octet-stream) in IBMUSER.LOAD, moved to LOADLIB/USAT
2025-04-10 16:52:24.384400 - Found USERMAX.bin (application/octet-stream) in IBMUSER.LOAD, moved to LOADLIB/USERMAX
2025-04-10 16:52:24.384457 - Found USIT.bin (application/octet-stream) in IBMUSER.LOAD, moved to LOADLIB/USIT
2025-04-10 16:52:24.384516 - Found USOT.bin (application/octet-stream) in IBMUSER.LOAD, moved to LOADLIB/USOT
2025-04-10 16:52:24.384574 - Found USPT.bin (application/octet-stream) in IBMUSER.LOAD, moved to LOADLIB/USPT
2025-04-10 16:52:24.384631 - Found USTT.bin (application/octet-stream) in IBMUSER.LOAD, moved to LOADLIB/USTT
2025-04-10 16:52:24.384686 - Found USUR.bin (application/octet-stream) in IBMUSER.LOAD, moved to LOADLIB/USUR
2025-04-10 16:52:24.384744 - Found USUT.bin (application/octet-stream) in IBMUSER.LOAD, moved to LOADLIB/USUT
2025-04-10 16:52:24.384801 - Found USVT.bin (application/octet-stream) in IBMUSER.LOAD, moved to LOADLIB/USVT
2025-04-10 16:52:24.384858 - Found USWT.bin (application/octet-stream) in IBMUSER.LOAD, moved to LOADLIB/USWT
2025-04-10 16:52:24.384915 - Found USXT.bin (application/octet-stream) in IBMUSER.LOAD, moved to LOADLIB/USXT
2025-04-10 16:52:24.385057 - Found USYT.bin (application/octet-stream) in IBMUSER.LOAD, moved to LOADLIB/USYT
2025-04-10 16:52:24.385112 - Found USZT.bin (application/octet-stream) in IBMUSER.LOAD, moved to LOADLIB/USZT
2025-04-10 16:52:24.385170 - Found UTKGP.bin (application/octet-stream) in IBMUSER.LOAD, moved to LOADLIB/UTKGP
2025-04-10 16:52:24.385320 - Found UTKID.bin (application/octet-stream) in IBMUSER.LOAD, moved to LOADLIB/UTKID
2025-04-10 16:52:24.385435 - Found UTSB.bin (application/octet-stream) in IBMUSER.LOAD, moved to LOADLIB/UTSB
2025-04-10 16:52:24.385624 - Found WAITT.bin (application/octet-stream) in IBMUSER.LOAD, moved to LOADLIB/WAITT
2025-04-10 16:52:24.385682 - Found XOR.bin (application/octet-stream) in IBMUSER.LOAD, moved to LOADLIB/XOR
2025-04-10 16:52:24.385739 - Found ZAPLWA.bin (application/octet-stream) in IBMUSER.LOAD, moved to LOADLIB/ZAPLWA
2025-04-10 16:52:24.389633 - Found LOADTCTP.txt (text/plain) in SBGOLOB.CBT509.FILE731, moved to PDS/LOADTCTP
2025-04-10 16:52:24.389712 - Found LOADTDIS.jcl (text/plain) in SBGOLOB.CBT509.FILE731, moved to PDS/LOADTDIS
2025-04-10 16:52:24.389791 - Found LOADTES$.jcl (text/plain) in SBGOLOB.CBT509.FILE731, moved to PDS/LOADTES$
2025-04-10 16:52:24.390000 - Found LOADTEST.txt (text/plain) in SBGOLOB.CBT509.FILE731, moved to PDS/LOADTEST
2025-04-10 16:52:24.390168 - Found LOADTHEL.txt (text/plain) in SBGOLOB.CBT509.FILE731, moved to PDS/LOADTHEL
2025-04-10 16:52:24.390236 - Found LOADTREP.jcl (text/plain) in SBGOLOB.CBT509.FILE731, moved to PDS/LOADTREP
2025-04-10 16:52:24.390297 - Found LOADTRES.jcl (text/plain) in SBGOLOB.CBT509.FILE731, moved to PDS/LOADTRES
2025-04-10 16:52:24.390366 - Found LOADTSIN.txt (text/plain) in SBGOLOB.CBT509.FILE731, moved to PDS/LOADTSIN
2025-04-10 16:52:24.390488 - Found LOBFREX$.jcl (text/plain) in SBGOLOB.CBT509.FILE731, moved to PDS/LOBFREX$
2025-04-10 16:52:24.390762 - Found LOBFREXT.txt (text/plain) in SBGOLOB.CBT509.FILE731, moved to PDS/LOBFREXT
2025-04-10 16:52:24.390894 - Found LOGOPTS.txt (text/plain) in SBGOLOB.CBT509.FILE731, moved to PDS/LOGOPTS
2025-04-10 16:52:24.390956 - Found LOGOPTS$.jcl (text/plain) in SBGOLOB.CBT509.FILE731, moved to PDS/LOGOPTS$
2025-04-10 16:52:24.391017 - Found LOGOPTS@.txt (text/plain) in SBGOLOB.CBT509.FILE731, moved to PDS/LOGOPTS@
2025-04-10 16:52:24.391100 - Found LOKSES.txt (text/plain) in SBGOLOB.CBT509.FILE731, moved to PDS/LOKSES
2025-04-10 16:52:24.391251 - Found LOKSES$.jcl (text/plain) in SBGOLOB.CBT509.FILE731, moved to PDS/LOKSES$
2025-04-10 16:52:24.391633 - Found MEMBER.txt (text/plain) in SBGOLOB.CBT509.FILE731, moved to PDS/MEMBER
2025-04-10 16:52:24.391740 - Found MEMBER$.jcl (text/plain) in SBGOLOB.CBT509.FILE731, moved to PDS/MEMBER$
2025-04-10 16:52:24.391831 - Found MODGEN.txt (text/plain) in SBGOLOB.CBT509.FILE731, moved to PDS/MODGEN
2025-04-10 16:52:24.391915 - Found MYIDP.txt (text/plain) in SBGOLOB.CBT509.FILE731, moved to PDS/MYIDP
2025-04-10 16:52:24.392030 - Found MYIDP$.jcl (text/plain) in SBGOLOB.CBT509.FILE731, moved to PDS/MYIDP$
2025-04-10 16:52:24.392151 - Found NOLOGOF.jcl (text/plain) in SBGOLOB.CBT509.FILE731, moved to PDS/NOLOGOF
2025-04-10 16:52:24.392219 - Found NPRV.txt (text/plain) in SBGOLOB.CBT509.FILE731, moved to PDS/NPRV
2025-04-10 16:52:24.392277 - Found NPRV$.jcl (text/plain) in SBGOLOB.CBT509.FILE731, moved to PDS/NPRV$
2025-04-10 16:52:24.392338 - Found NUMERIC.txt (text/plain) in SBGOLOB.CBT509.FILE731, moved to PDS/NUMERIC
2025-04-10 16:52:24.392460 - Found PDSLOAD.xmi (application/xmit) in SBGOLOB.CBT509.FILE731, moved to PDS/PDSLOAD.xmi
2025-04-10 16:52:24.396654 - Received WSBG.LOAD from PDSLOAD.xmi 
2025-04-10 16:52:24.396910 - Found PDSLOAD.bin (application/octet-stream) in WSBG.LOAD, moved to PDSLOAD/PDSLOAD
2025-04-10 16:52:24.397134 - Found RECONLI$.jcl (text/plain) in SBGOLOB.CBT509.FILE731, moved to PDS/RECONLI$
2025-04-10 16:52:24.397528 - Found RECONLIM.txt (text/plain) in SBGOLOB.CBT509.FILE731, moved to PDS/RECONLIM
2025-04-10 16:52:24.397696 - Found RELOGON.jcl (text/plain) in SBGOLOB.CBT509.FILE731, moved to PDS/RELOGON
2025-04-10 16:52:24.397758 - Found RELOGON#.txt (text/plain) in SBGOLOB.CBT509.FILE731, moved to PDS/RELOGON#
2025-04-10 16:52:24.397874 - Found SCRSIZE.txt (text/plain) in SBGOLOB.CBT509.FILE731, moved to PDS/SCRSIZE
2025-04-10 16:52:24.397943 - Found SCRSIZE$.jcl (text/plain) in SBGOLOB.CBT509.FILE731, moved to PDS/SCRSIZE$
2025-04-10 16:52:24.398007 - Found SHOWRLG#.txt (text/plain) in SBGOLOB.CBT509.FILE731, moved to PDS/SHOWRLG#
2025-04-10 16:52:24.398105 - Found SHOWRLGB.jcl (text/plain) in SBGOLOB.CBT509.FILE731, moved to PDS/SHOWRLGB
2025-04-10 16:52:24.398165 - Found SHOWTCA$.jcl (text/plain) in SBGOLOB.CBT509.FILE731, moved to PDS/SHOWTCA$
2025-04-10 16:52:24.398274 - Found SHOWTCAS.txt (text/plain) in SBGOLOB.CBT509.FILE731, moved to PDS/SHOWTCAS
2025-04-10 16:52:24.398333 - Found SHOWTPV$.jcl (text/plain) in SBGOLOB.CBT509.FILE731, moved to PDS/SHOWTPV$
2025-04-10 16:52:24.398600 - Found SHOWTPVT.txt (text/plain) in SBGOLOB.CBT509.FILE731, moved to PDS/SHOWTPVT
2025-04-10 16:52:24.398709 - Found SHOWTSB.txt (text/plain) in SBGOLOB.CBT509.FILE731, moved to PDS/SHOWTSB
2025-04-10 16:52:24.398875 - Found SHOWTSB$.jcl (text/plain) in SBGOLOB.CBT509.FILE731, moved to PDS/SHOWTSB$
2025-04-10 16:52:24.398934 - Found SHOWTSV$.jcl (text/plain) in SBGOLOB.CBT509.FILE731, moved to PDS/SHOWTSV$
2025-04-10 16:52:24.399045 - Found SHOWTSVT.txt (text/plain) in SBGOLOB.CBT509.FILE731, moved to PDS/SHOWTSVT
2025-04-10 16:52:24.399109 - Found SYSLV.txt (text/plain) in SBGOLOB.CBT509.FILE731, moved to PDS/SYSLV
2025-04-10 16:52:24.399167 - Found SYSLV$.jcl (text/plain) in SBGOLOB.CBT509.FILE731, moved to PDS/SYSLV$
2025-04-10 16:52:24.399225 - Found TPRV.txt (text/plain) in SBGOLOB.CBT509.FILE731, moved to PDS/TPRV
2025-04-10 16:52:24.399284 - Found TPRV$.jcl (text/plain) in SBGOLOB.CBT509.FILE731, moved to PDS/TPRV$
2025-04-10 16:52:24.399342 - Found TRMSZRP$.jcl (text/plain) in SBGOLOB.CBT509.FILE731, moved to PDS/TRMSZRP$
2025-04-10 16:52:24.399431 - Found TRMSZRPT.txt (text/plain) in SBGOLOB.CBT509.FILE731, moved to PDS/TRMSZRPT
2025-04-10 16:52:24.399491 - Found TSOB.rexx (text/plain) in SBGOLOB.CBT509.FILE731, moved to PDS/TSOB
2025-04-10 16:52:24.399549 - Found TSOE.rexx (text/plain) in SBGOLOB.CBT509.FILE731, moved to PDS/TSOE
2025-04-10 16:52:24.399609 - Found TSOR.rexx (text/plain) in SBGOLOB.CBT509.FILE731, moved to PDS/TSOR
2025-04-10 16:52:24.399738 - Found TSOV.rexx (text/plain) in SBGOLOB.CBT509.FILE731, moved to PDS/TSOV
2025-04-10 16:52:24.400180 - Found TSUINFO.txt (text/plain) in SBGOLOB.CBT509.FILE731, moved to PDS/TSUINFO
2025-04-10 16:52:24.400343 - Found TSUINFO$.jcl (text/plain) in SBGOLOB.CBT509.FILE731, moved to PDS/TSUINFO$
2025-04-10 16:52:24.400469 - Found TSUINFO#.txt (text/plain) in SBGOLOB.CBT509.FILE731, moved to PDS/TSUINFO#
2025-04-10 16:52:24.400573 - Found TSVTTMO.txt (text/plain) in SBGOLOB.CBT509.FILE731, moved to PDS/TSVTTMO
2025-04-10 16:52:24.400673 - Found TSVTTMO$.jcl (text/plain) in SBGOLOB.CBT509.FILE731, moved to PDS/TSVTTMO$
2025-04-10 16:52:24.400776 - Found TSVT8.txt (text/plain) in SBGOLOB.CBT509.FILE731, moved to PDS/TSVT8
2025-04-10 16:52:24.400838 - Found TSVT8$.jcl (text/plain) in SBGOLOB.CBT509.FILE731, moved to PDS/TSVT8$
2025-04-10 16:52:24.400996 - Found TSVT8O.txt (text/plain) in SBGOLOB.CBT509.FILE731, moved to PDS/TSVT8O
2025-04-10 16:52:24.401355 - Found UCBDASD.txt (text/plain) in SBGOLOB.CBT509.FILE731, moved to PDS/UCBDASD
2025-04-10 16:52:24.401413 - Found UCBDASD$.jcl (text/plain) in SBGOLOB.CBT509.FILE731, moved to PDS/UCBDASD$
2025-04-10 16:52:24.401501 - Found UCBDASD1.txt (text/plain) in SBGOLOB.CBT509.FILE731, moved to PDS/UCBDASD1
2025-04-10 16:52:24.401615 - Found UCBDASD2.txt (text/plain) in SBGOLOB.CBT509.FILE731, moved to PDS/UCBDASD2
2025-04-10 16:52:24.401963 - Found UCBPRIV.txt (text/plain) in SBGOLOB.CBT509.FILE731, moved to PDS/UCBPRIV
2025-04-10 16:52:24.402026 - Found UCBPRIV$.jcl (text/plain) in SBGOLOB.CBT509.FILE731, moved to PDS/UCBPRIV$
2025-04-10 16:52:24.402159 - Found UCBPUBL.txt (text/plain) in SBGOLOB.CBT509.FILE731, moved to PDS/UCBPUBL
2025-04-10 16:52:24.402218 - Found UCBPUBL$.jcl (text/plain) in SBGOLOB.CBT509.FILE731, moved to PDS/UCBPUBL$
2025-04-10 16:52:24.402465 - Found UCBSTOR.txt (text/plain) in SBGOLOB.CBT509.FILE731, moved to PDS/UCBSTOR
2025-04-10 16:52:24.402525 - Found UCBSTOR$.jcl (text/plain) in SBGOLOB.CBT509.FILE731, moved to PDS/UCBSTOR$
2025-04-10 16:52:24.402641 - Found UCBTAPE.txt (text/plain) in SBGOLOB.CBT509.FILE731, moved to PDS/UCBTAPE
2025-04-10 16:52:24.402698 - Found UCBTAPE$.jcl (text/plain) in SBGOLOB.CBT509.FILE731, moved to PDS/UCBTAPE$
2025-04-10 16:52:24.402838 - Found UCBTAPE#.txt (text/plain) in SBGOLOB.CBT509.FILE731, moved to PDS/UCBTAPE#
2025-04-10 16:52:24.402941 - Found UCBTAPE1.txt (text/plain) in SBGOLOB.CBT509.FILE731, moved to PDS/UCBTAPE1
2025-04-10 16:52:24.403205 - Found UCBTYPE.txt (text/plain) in SBGOLOB.CBT509.FILE731, moved to PDS/UCBTYPE
2025-04-10 16:52:24.403262 - Found UCBTYPE$.jcl (text/plain) in SBGOLOB.CBT509.FILE731, moved to PDS/UCBTYPE$
2025-04-10 16:52:24.403373 - Found UCBTYPE1.txt (text/plain) in SBGOLOB.CBT509.FILE731, moved to PDS/UCBTYPE1
2025-04-10 16:52:24.403530 - Found ULUDSECT.txt (text/plain) in SBGOLOB.CBT509.FILE731, moved to PDS/ULUDSECT
2025-04-10 16:52:24.403683 - Found ULUINIT.txt (text/plain) in SBGOLOB.CBT509.FILE731, moved to PDS/ULUINIT
2025-04-10 16:52:24.403792 - Found ULUONLN.txt (text/plain) in SBGOLOB.CBT509.FILE731, moved to PDS/ULUONLN
2025-04-10 16:52:24.403856 - Found ULUONLN$.jcl (text/plain) in SBGOLOB.CBT509.FILE731, moved to PDS/ULUONLN$
2025-04-10 16:52:24.403919 - Found ULUSCAN.txt (text/plain) in SBGOLOB.CBT509.FILE731, moved to PDS/ULUSCAN
2025-04-10 16:52:24.404009 - Found UPFXA.txt (text/plain) in SBGOLOB.CBT509.FILE731, moved to PDS/UPFXA
2025-04-10 16:52:24.404081 - Found UPFXA$.jcl (text/plain) in SBGOLOB.CBT509.FILE731, moved to PDS/UPFXA$
2025-04-10 16:52:24.404446 - Found USERMAX.txt (text/plain) in SBGOLOB.CBT509.FILE731, moved to PDS/USERMAX
2025-04-10 16:52:24.404507 - Found USERMAX$.jcl (text/plain) in SBGOLOB.CBT509.FILE731, moved to PDS/USERMAX$
2025-04-10 16:52:24.404620 - Found XOR.jcl (text/plain) in SBGOLOB.CBT509.FILE731, moved to PDS/XOR
2025-04-10 16:52:24.404677 - Found YESLOGOF.jcl (text/plain) in SBGOLOB.CBT509.FILE731, moved to PDS/YESLOGOF
2025-04-10 16:52:24.404849 - Found ZAPLWA.txt (text/plain) in SBGOLOB.CBT509.FILE731, moved to PDS/ZAPLWA
2025-04-10 16:52:24.404907 - Found ZAPLWA$.jcl (text/plain) in SBGOLOB.CBT509.FILE731, moved to PDS/ZAPLWA$
2025-04-10 16:52:24.404965 - Found ZAPLWA#.txt (text/plain) in SBGOLOB.CBT509.FILE731, moved to PDS/ZAPLWA#
